<?xml version="1.0" encoding="UTF-8"?>
<!-- Generated by org.testng.reporters.JUnitReportReporter -->
<testsuite skipped="0" hostname="User-PC" name="com.Selenium.BasicTestNgTest" tests="3" failures="0" timestamp="13 Dec 2017 00:07:52 GMT" time="0.001" errors="0">
  <testcase name="secondTest" time="0.000" classname="com.Selenium.BasicTestNgTest"/>
  <testcase name="thirdTest" time="0.000" classname="com.Selenium.BasicTestNgTest"/>
  <testcase name="firstTest" time="0.001" classname="com.Selenium.BasicTestNgTest"/>
</testsuite> <!-- com.Selenium.BasicTestNgTest -->
