<?xml version="1.0" encoding="UTF-8"?>
<!-- Generated by org.testng.reporters.JUnitReportReporter -->
<testsuite skipped="0" hostname="User-PC" name="com.Selenium.testNG.SampleTest" tests="2" failures="0" timestamp="13 Dec 2017 00:28:15 GMT" time="33.517" errors="0">
  <testcase name="firefoxDriverTest" time="20.494" classname="com.Selenium.testNG.SampleTest"/>
  <testcase name="chromeDriverTest" time="13.023" classname="com.Selenium.testNG.SampleTest"/>
</testsuite> <!-- com.Selenium.testNG.SampleTest -->
