<?xml version="1.0" encoding="UTF-8"?>
<!-- Generated by org.testng.reporters.JUnitReportReporter -->
<testsuite skipped="0" hostname="User-PC" name="com.Selenium.SampleTest" tests="2" failures="0" timestamp="12 Dec 2017 23:59:01 GMT" time="90.054" errors="0">
  <testcase name="chromeDriverTest" time="34.955" classname="com.Selenium.SampleTest"/>
  <testcase name="firefoxDriverTest" time="55.099" classname="com.Selenium.SampleTest"/>
</testsuite> <!-- com.Selenium.SampleTest -->
