<?xml version="1.0" encoding="UTF-8"?>
<!-- Generated by org.testng.reporters.JUnitReportReporter -->
<testsuite skipped="0" hostname="User-PC" name="com.Selenium.testNG.SampleTest" tests="2" failures="0" timestamp="25 Dec 2017 10:38:34 GMT" time="66.258" errors="0">
  <testcase name="chromeDriverTest" time="15.305" classname="com.Selenium.testNG.SampleTest"/>
  <testcase name="firefoxDriverTest" time="50.953" classname="com.Selenium.testNG.SampleTest"/>
</testsuite> <!-- com.Selenium.testNG.SampleTest -->
