<?xml version="1.0" encoding="UTF-8"?>
<!-- Generated by org.testng.reporters.JUnitReportReporter -->
<testsuite skipped="0" hostname="User-PC" name="com.Selenium.testNG.BasicTestNgTest" tests="3" failures="0" timestamp="25 Dec 2017 10:45:49 GMT" time="0.000" errors="0">
  <testcase name="secondTest" time="0.000" classname="com.Selenium.testNG.BasicTestNgTest"/>
  <testcase name="firstTest" time="0.000" classname="com.Selenium.testNG.BasicTestNgTest"/>
  <testcase name="thirdTest" time="0.000" classname="com.Selenium.testNG.BasicTestNgTest"/>
</testsuite> <!-- com.Selenium.testNG.BasicTestNgTest -->
