<?xml version="1.0" encoding="UTF-8"?>
<!-- Generated by org.testng.reporters.JUnitReportReporter -->
<testsuite skipped="0" hostname="User-PC" name="com.Selenium.testNG.BasicTestNgTest2" tests="2" failures="0" timestamp="25 Dec 2017 10:45:49 GMT" time="0.003" errors="0">
  <testcase name="fourthTest" time="0.002" classname="com.Selenium.testNG.BasicTestNgTest2"/>
  <testcase name="fifthTest" time="0.001" classname="com.Selenium.testNG.BasicTestNgTest2"/>
</testsuite> <!-- com.Selenium.testNG.BasicTestNgTest2 -->
