<?xml version="1.0" encoding="UTF-8"?>
<!-- Generated by org.testng.reporters.JUnitReportReporter -->
<testsuite skipped="0" hostname="User-PC" name="com.Selenium.testNG.SampleTest" tests="2" failures="0" timestamp="25 Dec 2017 10:45:49 GMT" time="79.114" errors="0">
  <testcase name="chromeDriverTest" time="33.987" classname="com.Selenium.testNG.SampleTest"/>
  <testcase name="firefoxDriverTest" time="45.127" classname="com.Selenium.testNG.SampleTest"/>
</testsuite> <!-- com.Selenium.testNG.SampleTest -->
