<?xml version="1.0" encoding="UTF-8"?>
<!-- Generated by org.testng.reporters.JUnitReportReporter -->
<testsuite skipped="0" hostname="User-PC" name="com.Selenium.testNG.methodGrouping" tests="3" failures="0" timestamp="25 Dec 2017 10:45:49 GMT" time="0.000" errors="0">
  <testcase name="methodGrouping2" time="0.000" classname="com.Selenium.testNG.methodGrouping"/>
  <testcase name="methodGrouping1" time="0.000" classname="com.Selenium.testNG.methodGrouping"/>
  <testcase name="methodGrouping3" time="0.000" classname="com.Selenium.testNG.methodGrouping"/>
</testsuite> <!-- com.Selenium.testNG.methodGrouping -->
